1620466047327|2|statement|connection 0|url jdbc:p6spy:h2:mem:creator-in-app-game;DB_CLOSE_DELAY=-1;DB_CLOSE_ON_EXIT=FALSE|select * from INFORMATION_SCHEMA.SEQUENCES|select * from INFORMATION_SCHEMA.SEQUENCES
1620466047933|1|statement|connection 0|url jdbc:p6spy:h2:mem:creator-in-app-game;DB_CLOSE_DELAY=-1;DB_CLOSE_ON_EXIT=FALSE|drop table if exists world CASCADE |drop table if exists world CASCADE 
1620466047941|6|statement|connection 0|url jdbc:p6spy:h2:mem:creator-in-app-game;DB_CLOSE_DELAY=-1;DB_CLOSE_ON_EXIT=FALSE|create table world (id bigint generated by default as identity, description varchar(255), dev_policy_agree boolean not null, name varchar(255), project_key varchar(255), primary key (id))|create table world (id bigint generated by default as identity, description varchar(255), dev_policy_agree boolean not null, name varchar(255), project_key varchar(255), primary key (id))
1620466048526|1|statement|connection 0|url jdbc:p6spy:h2:mem:creator-in-app-game;DB_CLOSE_DELAY=-1;DB_CLOSE_ON_EXIT=FALSE|insert into world (id, description, dev_policy_agree, name, project_key) values (null, ?, ?, ?, ?)|insert into world (id, description, dev_policy_agree, name, project_key) values (null, '운동충 모여 노는 월드', true, '체육관 월드', 'io.homo_efficio.zepeto.world-1')
1620466048597|0|rollback|connection 0|url jdbc:p6spy:h2:mem:creator-in-app-game;DB_CLOSE_DELAY=-1;DB_CLOSE_ON_EXIT=FALSE||
1620466048617|3|statement|connection 0|url jdbc:p6spy:h2:mem:creator-in-app-game;DB_CLOSE_DELAY=-1;DB_CLOSE_ON_EXIT=FALSE|drop table if exists world CASCADE |drop table if exists world CASCADE 
#1620466188699 | took 3ms | statement | connection 0| url jdbc:p6spy:h2:mem:creator-in-app-game;DB_CLOSE_DELAY=-1;DB_CLOSE_ON_EXIT=FALSE
select * from INFORMATION_SCHEMA.SEQUENCES
select * from INFORMATION_SCHEMA.SEQUENCES;
#1620466189332 | took 1ms | statement | connection 0| url jdbc:p6spy:h2:mem:creator-in-app-game;DB_CLOSE_DELAY=-1;DB_CLOSE_ON_EXIT=FALSE
drop table if exists world CASCADE 
drop table if exists world CASCADE ;
#1620466189341 | took 6ms | statement | connection 0| url jdbc:p6spy:h2:mem:creator-in-app-game;DB_CLOSE_DELAY=-1;DB_CLOSE_ON_EXIT=FALSE
create table world (id bigint generated by default as identity, description varchar(255), dev_policy_agree boolean not null, name varchar(255), project_key varchar(255), primary key (id))
create table world (id bigint generated by default as identity, description varchar(255), dev_policy_agree boolean not null, name varchar(255), project_key varchar(255), primary key (id));
#1620466190169 | took 1ms | statement | connection 0| url jdbc:p6spy:h2:mem:creator-in-app-game;DB_CLOSE_DELAY=-1;DB_CLOSE_ON_EXIT=FALSE
insert into world (id, description, dev_policy_agree, name, project_key) values (null, ?, ?, ?, ?)
insert into world (id, description, dev_policy_agree, name, project_key) values (null, '운동충 모여 노는 월드', true, '체육관 월드', 'io.homo_efficio.zepeto.world-1');
#1620466190276 | took 0ms | rollback | connection 0| url jdbc:p6spy:h2:mem:creator-in-app-game;DB_CLOSE_DELAY=-1;DB_CLOSE_ON_EXIT=FALSE

;
#1620466190298 | took 4ms | statement | connection 0| url jdbc:p6spy:h2:mem:creator-in-app-game;DB_CLOSE_DELAY=-1;DB_CLOSE_ON_EXIT=FALSE
drop table if exists world CASCADE 
drop table if exists world CASCADE ;
#1620466232398 | took 2ms | statement | connection 0| url jdbc:p6spy:h2:mem:creator-in-app-game;DB_CLOSE_DELAY=-1;DB_CLOSE_ON_EXIT=FALSE
select * from INFORMATION_SCHEMA.SEQUENCES
select * from INFORMATION_SCHEMA.SEQUENCES;
#1620466232982 | took 0ms | statement | connection 0| url jdbc:p6spy:h2:mem:creator-in-app-game;DB_CLOSE_DELAY=-1;DB_CLOSE_ON_EXIT=FALSE
drop table if exists world CASCADE 
drop table if exists world CASCADE ;
#1620466232990 | took 6ms | statement | connection 0| url jdbc:p6spy:h2:mem:creator-in-app-game;DB_CLOSE_DELAY=-1;DB_CLOSE_ON_EXIT=FALSE
create table world (id bigint generated by default as identity, description varchar(255), dev_policy_agree boolean not null, name varchar(255), project_key varchar(255), primary key (id))
create table world (id bigint generated by default as identity, description varchar(255), dev_policy_agree boolean not null, name varchar(255), project_key varchar(255), primary key (id));
#1620466233612 | took 1ms | statement | connection 0| url jdbc:p6spy:h2:mem:creator-in-app-game;DB_CLOSE_DELAY=-1;DB_CLOSE_ON_EXIT=FALSE
insert into world (id, description, dev_policy_agree, name, project_key) values (null, ?, ?, ?, ?)
insert into world (id, description, dev_policy_agree, name, project_key) values (null, '운동충 모여 노는 월드', true, '체육관 월드', 'io.homo_efficio.zepeto.world-1');
#1620466233672 | took 0ms | rollback | connection 0| url jdbc:p6spy:h2:mem:creator-in-app-game;DB_CLOSE_DELAY=-1;DB_CLOSE_ON_EXIT=FALSE

;
#1620466233697 | took 5ms | statement | connection 0| url jdbc:p6spy:h2:mem:creator-in-app-game;DB_CLOSE_DELAY=-1;DB_CLOSE_ON_EXIT=FALSE
drop table if exists world CASCADE 
drop table if exists world CASCADE ;
1620466313787|2|statement|connection 0|url jdbc:p6spy:h2:mem:creator-in-app-game;DB_CLOSE_DELAY=-1;DB_CLOSE_ON_EXIT=FALSE|select * from INFORMATION_SCHEMA.SEQUENCES|select * from INFORMATION_SCHEMA.SEQUENCES
1620466314314|1|statement|connection 0|url jdbc:p6spy:h2:mem:creator-in-app-game;DB_CLOSE_DELAY=-1;DB_CLOSE_ON_EXIT=FALSE|drop table if exists world CASCADE |drop table if exists world CASCADE 
1620466314325|8|statement|connection 0|url jdbc:p6spy:h2:mem:creator-in-app-game;DB_CLOSE_DELAY=-1;DB_CLOSE_ON_EXIT=FALSE|create table world (id bigint generated by default as identity, description varchar(255), dev_policy_agree boolean not null, name varchar(255), project_key varchar(255), primary key (id))|create table world (id bigint generated by default as identity, description varchar(255), dev_policy_agree boolean not null, name varchar(255), project_key varchar(255), primary key (id))
1620466314950|1|statement|connection 0|url jdbc:p6spy:h2:mem:creator-in-app-game;DB_CLOSE_DELAY=-1;DB_CLOSE_ON_EXIT=FALSE|insert into world (id, description, dev_policy_agree, name, project_key) values (null, ?, ?, ?, ?)|insert into world (id, description, dev_policy_agree, name, project_key) values (null, '운동충 모여 노는 월드', true, '체육관 월드', 'io.homo_efficio.zepeto.world-1')
1620466315011|0|rollback|connection 0|url jdbc:p6spy:h2:mem:creator-in-app-game;DB_CLOSE_DELAY=-1;DB_CLOSE_ON_EXIT=FALSE||
1620466315032|4|statement|connection 0|url jdbc:p6spy:h2:mem:creator-in-app-game;DB_CLOSE_DELAY=-1;DB_CLOSE_ON_EXIT=FALSE|drop table if exists world CASCADE |drop table if exists world CASCADE 
#1620466353645 | took 2ms | statement | connection 0| url jdbc:p6spy:h2:mem:creator-in-app-game;DB_CLOSE_DELAY=-1;DB_CLOSE_ON_EXIT=FALSE
select * from INFORMATION_SCHEMA.SEQUENCES
select * from INFORMATION_SCHEMA.SEQUENCES;
#1620466354246 | took 1ms | statement | connection 0| url jdbc:p6spy:h2:mem:creator-in-app-game;DB_CLOSE_DELAY=-1;DB_CLOSE_ON_EXIT=FALSE
drop table if exists world CASCADE 
drop table if exists world CASCADE ;
#1620466354258 | took 8ms | statement | connection 0| url jdbc:p6spy:h2:mem:creator-in-app-game;DB_CLOSE_DELAY=-1;DB_CLOSE_ON_EXIT=FALSE
create table world (id bigint generated by default as identity, description varchar(255), dev_policy_agree boolean not null, name varchar(255), project_key varchar(255), primary key (id))
create table world (id bigint generated by default as identity, description varchar(255), dev_policy_agree boolean not null, name varchar(255), project_key varchar(255), primary key (id));
#1620466354872 | took 1ms | statement | connection 0| url jdbc:p6spy:h2:mem:creator-in-app-game;DB_CLOSE_DELAY=-1;DB_CLOSE_ON_EXIT=FALSE
insert into world (id, description, dev_policy_agree, name, project_key) values (null, ?, ?, ?, ?)
insert into world (id, description, dev_policy_agree, name, project_key) values (null, '운동충 모여 노는 월드', true, '체육관 월드', 'io.homo_efficio.zepeto.world-1');
#1620466354939 | took 0ms | rollback | connection 0| url jdbc:p6spy:h2:mem:creator-in-app-game;DB_CLOSE_DELAY=-1;DB_CLOSE_ON_EXIT=FALSE

;
#1620466354957 | took 3ms | statement | connection 0| url jdbc:p6spy:h2:mem:creator-in-app-game;DB_CLOSE_DELAY=-1;DB_CLOSE_ON_EXIT=FALSE
drop table if exists world CASCADE 
drop table if exists world CASCADE ;
1620466779310|3|statement|connection 0|url jdbc:p6spy:h2:mem:creator-in-app-game;DB_CLOSE_DELAY=-1;DB_CLOSE_ON_EXIT=FALSE|select * from INFORMATION_SCHEMA.SEQUENCES|select * from INFORMATION_SCHEMA.SEQUENCES
1620466779873|0|statement|connection 0|url jdbc:p6spy:h2:mem:creator-in-app-game;DB_CLOSE_DELAY=-1;DB_CLOSE_ON_EXIT=FALSE|drop table if exists world CASCADE |drop table if exists world CASCADE 
1620466779882|7|statement|connection 0|url jdbc:p6spy:h2:mem:creator-in-app-game;DB_CLOSE_DELAY=-1;DB_CLOSE_ON_EXIT=FALSE|create table world (id bigint generated by default as identity, description varchar(255), dev_policy_agree boolean not null, name varchar(255), project_key varchar(255), primary key (id))|create table world (id bigint generated by default as identity, description varchar(255), dev_policy_agree boolean not null, name varchar(255), project_key varchar(255), primary key (id))
1620466780467|1|statement|connection 0|url jdbc:p6spy:h2:mem:creator-in-app-game;DB_CLOSE_DELAY=-1;DB_CLOSE_ON_EXIT=FALSE|insert into world (id, description, dev_policy_agree, name, project_key) values (null, ?, ?, ?, ?)|insert into world (id, description, dev_policy_agree, name, project_key) values (null, '운동충 모여 노는 월드', true, '체육관 월드', 'io.homo_efficio.zepeto.world-1')
1620466780529|0|rollback|connection 0|url jdbc:p6spy:h2:mem:creator-in-app-game;DB_CLOSE_DELAY=-1;DB_CLOSE_ON_EXIT=FALSE||
1620466780547|3|statement|connection 0|url jdbc:p6spy:h2:mem:creator-in-app-game;DB_CLOSE_DELAY=-1;DB_CLOSE_ON_EXIT=FALSE|drop table if exists world CASCADE |drop table if exists world CASCADE 
1620467097605|3|statement|connection 0|url jdbc:p6spy:h2:mem:creator-in-app-game;DB_CLOSE_DELAY=-1;DB_CLOSE_ON_EXIT=FALSE|select * from INFORMATION_SCHEMA.SEQUENCES|select * from INFORMATION_SCHEMA.SEQUENCES
1620467098336|1|statement|connection 0|url jdbc:p6spy:h2:mem:creator-in-app-game;DB_CLOSE_DELAY=-1;DB_CLOSE_ON_EXIT=FALSE|drop table if exists world CASCADE |drop table if exists world CASCADE 
1620467098345|6|statement|connection 0|url jdbc:p6spy:h2:mem:creator-in-app-game;DB_CLOSE_DELAY=-1;DB_CLOSE_ON_EXIT=FALSE|create table world (id bigint generated by default as identity, description varchar(255), dev_policy_agree boolean not null, name varchar(255), project_key varchar(255), primary key (id))|create table world (id bigint generated by default as identity, description varchar(255), dev_policy_agree boolean not null, name varchar(255), project_key varchar(255), primary key (id))
1620467099059|1|statement|connection 0|url jdbc:p6spy:h2:mem:creator-in-app-game;DB_CLOSE_DELAY=-1;DB_CLOSE_ON_EXIT=FALSE|insert into world (id, description, dev_policy_agree, name, project_key) values (null, ?, ?, ?, ?)|insert into world (id, description, dev_policy_agree, name, project_key) values (null, '운동충 모여 노는 월드', true, '체육관 월드', 'io.homo_efficio.zepeto.world-1')
1620467099143|0|rollback|connection 0|url jdbc:p6spy:h2:mem:creator-in-app-game;DB_CLOSE_DELAY=-1;DB_CLOSE_ON_EXIT=FALSE||
1620467099164|4|statement|connection 0|url jdbc:p6spy:h2:mem:creator-in-app-game;DB_CLOSE_DELAY=-1;DB_CLOSE_ON_EXIT=FALSE|drop table if exists world CASCADE |drop table if exists world CASCADE 
#1620467825886 | took 2ms | statement | connection 0| url jdbc:p6spy:h2:mem:creator-in-app-game;DB_CLOSE_DELAY=-1;DB_CLOSE_ON_EXIT=FALSE
select * from INFORMATION_SCHEMA.SEQUENCES;
#1620467826382 | took 0ms | statement | connection 0| url jdbc:p6spy:h2:mem:creator-in-app-game;DB_CLOSE_DELAY=-1;DB_CLOSE_ON_EXIT=FALSE
drop table if exists world CASCADE ;
#1620467826390 | took 6ms | statement | connection 0| url jdbc:p6spy:h2:mem:creator-in-app-game;DB_CLOSE_DELAY=-1;DB_CLOSE_ON_EXIT=FALSE
create table world (id bigint generated by default as identity, description varchar(255), dev_policy_agree boolean not null, name varchar(255), project_key varchar(255), primary key (id));
#1620467826978 | took 1ms | statement | connection 0| url jdbc:p6spy:h2:mem:creator-in-app-game;DB_CLOSE_DELAY=-1;DB_CLOSE_ON_EXIT=FALSE
insert into world (id, description, dev_policy_agree, name, project_key) values (null, '운동충 모여 노는 월드', true, '체육관 월드', 'io.homo_efficio.zepeto.world-1');
#1620467827042 | took 0ms | rollback | connection 0| url jdbc:p6spy:h2:mem:creator-in-app-game;DB_CLOSE_DELAY=-1;DB_CLOSE_ON_EXIT=FALSE
;
#1620467827060 | took 3ms | statement | connection 0| url jdbc:p6spy:h2:mem:creator-in-app-game;DB_CLOSE_DELAY=-1;DB_CLOSE_ON_EXIT=FALSE
drop table if exists world CASCADE ;
